<?xml version="1.0" encoding="UTF-8"?>
<!-- Generated by org.testng.reporters.JUnitReportReporter -->
<testsuite hostname="PRATHAMs-MacBook-Air.local" failures="0" tests="6" name="com.testNg.testcases.LoginTest" time="15.331" errors="0" timestamp="2024-03-09T22:17:12 IST" skipped="0">
  <testcase classname="com.testNg.testcases.LoginTest" name="verifyLoginWithValidCredentials" time="2.274"/>
  <system-out/>
  <testcase classname="com.testNg.testcases.LoginTest" name="verifyLoginWithValidCredentials" time="2.273"/>
  <system-out/>
  <testcase classname="com.testNg.testcases.LoginTest" name="verifyLoginWithValidCredentials" time="2.361"/>
  <system-out/>
  <testcase classname="com.testNg.testcases.LoginTest" name="verifyLoginWithValidCredentials" time="3.759"/>
  <system-out/>
  <testcase classname="com.testNg.testcases.LoginTest" name="verifyLoginWithInValidCredentials" time="2.346"/>
  <system-out/>
  <testcase classname="com.testNg.testcases.LoginTest" name="verifyLoginWithInValidCredentials" time="2.318"/>
  <system-out/>
</testsuite> <!-- com.testNg.testcases.LoginTest -->
