<?xml version="1.0" encoding="UTF-8"?>
<!-- Generated by org.testng.reporters.JUnitReportReporter -->
<testsuite hostname="PRATHAMs-MacBook-Air.local" failures="0" tests="2" name="com.test.testcases.RegisterTest" time="5.719" errors="0" timestamp="2024-03-10T23:19:22 IST" skipped="0">
  <testcase classname="com.test.testcases.RegisterTest" name="verifyRegisteringAccountWithMandatoryFeilds" time="2.733"/>
  <system-out/>
  <testcase classname="com.test.testcases.RegisterTest" name="verifyRegisteringAccountWithoutFillingAnyDetails" time="2.986"/>
  <system-out/>
</testsuite> <!-- com.test.testcases.RegisterTest -->
