<?xml version="1.0" encoding="UTF-8"?>
<!-- Generated by org.testng.reporters.JUnitReportReporter -->
<testsuite hostname="PRATHAMs-MacBook-Air.local" failures="0" tests="6" name="com.test.testcases.LoginTest" time="14.331" errors="0" timestamp="2024-03-11T22:55:34 IST" skipped="0">
  <testcase classname="com.test.testcases.LoginTest" name="verifyLoginWithValidCredentials" time="3.392"/>
  <system-out/>
  <testcase classname="com.test.testcases.LoginTest" name="verifyLoginWithValidCredentials" time="2.187"/>
  <system-out/>
  <testcase classname="com.test.testcases.LoginTest" name="verifyLoginWithValidCredentials" time="2.206"/>
  <system-out/>
  <testcase classname="com.test.testcases.LoginTest" name="verifyLoginWithValidCredentials" time="2.275"/>
  <system-out/>
  <testcase classname="com.test.testcases.LoginTest" name="verifyLoginWithInValidCredentials" time="2.164"/>
  <system-out/>
  <testcase classname="com.test.testcases.LoginTest" name="verifyLoginWithInValidCredentials" time="2.107"/>
  <system-out/>
</testsuite> <!-- com.test.testcases.LoginTest -->
