<?xml version="1.0" encoding="UTF-8"?>
<!-- Generated by org.testng.reporters.JUnitReportReporter -->
<testsuite hostname="PRATHAMs-MacBook-Air.local" failures="0" tests="2" name="com.testNg.testcases.RegisterTest" time="5.732" errors="0" timestamp="2024-03-09T23:12:47 IST" skipped="0">
  <testcase classname="com.testNg.testcases.RegisterTest" name="verifyRegisteringAccountWithMandatoryFeilds" time="2.717"/>
  <system-out/>
  <testcase classname="com.testNg.testcases.RegisterTest" name="verifyRegisteringAccountWithoutFillingAnyDetails" time="3.015"/>
  <system-out/>
</testsuite> <!-- com.testNg.testcases.RegisterTest -->
