<?xml version="1.0" encoding="UTF-8"?>
<!-- Generated by org.testng.reporters.JUnitReportReporter -->
<testsuite hostname="PRATHAMs-MacBook-Air.local" failures="0" tests="2" name="com.testNg.testcases.RegisterTest" time="5.872" errors="0" timestamp="2024-03-10T17:59:04 IST" skipped="0">
  <testcase classname="com.testNg.testcases.RegisterTest" name="verifyRegisteringAccountWithMandatoryFeilds" time="3.581"/>
  <system-out/>
  <testcase classname="com.testNg.testcases.RegisterTest" name="verifyRegisteringAccountWithoutFillingAnyDetails" time="2.291"/>
  <system-out/>
</testsuite> <!-- com.testNg.testcases.RegisterTest -->
