<?xml version="1.0" encoding="UTF-8"?>
<!-- Generated by org.testng.reporters.JUnitReportReporter -->
<testsuite hostname="PRATHAMs-MacBook-Air.local" failures="0" tests="5" name="com.testNg.testcases.LoginPage" time="13.415" errors="0" timestamp="2024-03-09T02:44:52 IST" skipped="0">
  <testcase classname="com.testNg.testcases.LoginPage" name="verifyLoginWithValidCredentials" time="2.440"/>
  <system-out/>
  <testcase classname="com.testNg.testcases.LoginPage" name="verifyLoginWithValidCredentials" time="2.908"/>
  <system-out/>
  <testcase classname="com.testNg.testcases.LoginPage" name="verifyLoginWithValidCredentials" time="3.191"/>
  <system-out/>
  <testcase classname="com.testNg.testcases.LoginPage" name="verifyLoginWithValidCredentials" time="2.430"/>
  <system-out/>
  <testcase classname="com.testNg.testcases.LoginPage" name="verifyLoginWithInValidCredentials" time="2.446"/>
  <system-out/>
</testsuite> <!-- com.testNg.testcases.LoginPage -->
