<?xml version="1.0" encoding="UTF-8"?>
<!-- Generated by org.testng.reporters.JUnitReportReporter -->
<testsuite hostname="PRATHAMs-MacBook-Air.local" failures="0" tests="5" name="com.test.testcases.LoginTest" time="6.922" errors="0" timestamp="2024-03-14T03:08:41 IST" skipped="1">
  <testcase classname="com.test.testcases.LoginTest" name="contactFormDataProvider" time="1.500"/>
  <system-out/>
  <testcase classname="com.test.testcases.LoginTest" name="contactFormDataProvider" time="2.402"/>
  <system-out/>
  <testcase classname="com.test.testcases.LoginTest" name="contactFormDataProvider" time="1.506"/>
  <system-out/>
  <testcase classname="com.test.testcases.LoginTest" name="contactFormDataProvider" time="1.514"/>
  <system-out/>
  <testcase classname="com.test.testcases.LoginTest" name="verifyLoginWithInValidCredentials">
    <skipped/>
  </testcase> <!-- verifyLoginWithInValidCredentials -->
  <system-out/>
</testsuite> <!-- com.test.testcases.LoginTest -->
