<?xml version="1.0" encoding="UTF-8"?>
<!-- Generated by org.testng.reporters.JUnitReportReporter -->
<testsuite hostname="PRATHAMs-MacBook-Air.local" failures="0" tests="6" name="com.testNg.testcases.LoginTest" time="15.167" errors="0" timestamp="2024-03-10T17:59:04 IST" skipped="0">
  <testcase classname="com.testNg.testcases.LoginTest" name="verifyLoginWithValidCredentials" time="2.538"/>
  <system-out/>
  <testcase classname="com.testNg.testcases.LoginTest" name="verifyLoginWithValidCredentials" time="2.423"/>
  <system-out/>
  <testcase classname="com.testNg.testcases.LoginTest" name="verifyLoginWithValidCredentials" time="2.465"/>
  <system-out/>
  <testcase classname="com.testNg.testcases.LoginTest" name="verifyLoginWithValidCredentials" time="2.806"/>
  <system-out/>
  <testcase classname="com.testNg.testcases.LoginTest" name="verifyLoginWithInValidCredentials" time="2.387"/>
  <system-out/>
  <testcase classname="com.testNg.testcases.LoginTest" name="verifyLoginWithInValidCredentials" time="2.548"/>
  <system-out/>
</testsuite> <!-- com.testNg.testcases.LoginTest -->
