<?xml version="1.0" encoding="UTF-8"?>
<!-- Generated by org.testng.reporters.JUnitReportReporter -->
<testsuite hostname="PRATHAMs-MacBook-Air.local" failures="0" tests="3" name="com.testNg.testcases.SearchTest" time="5.700" errors="0" timestamp="2024-03-10T17:59:04 IST" skipped="0">
  <testcase classname="com.testNg.testcases.SearchTest" name="verifySearchWithValidProduct" time="1.940"/>
  <system-out/>
  <testcase classname="com.testNg.testcases.SearchTest" name="verifySearchWithInvalidProduct" time="1.903"/>
  <system-out/>
  <testcase classname="com.testNg.testcases.SearchTest" name="verifySearchWithoutAnyProduct" time="1.857"/>
  <system-out/>
</testsuite> <!-- com.testNg.testcases.SearchTest -->
