<?xml version="1.0" encoding="UTF-8"?>
<!-- Generated by org.testng.reporters.JUnitReportReporter -->
<testsuite hostname="PRATHAMs-MacBook-Air.local" failures="0" tests="2" name="com.testNg.testcases.RegisterPage" time="8.205" errors="0" timestamp="2024-03-09T02:17:30 IST" skipped="0">
  <testcase classname="com.testNg.testcases.RegisterPage" name="verifyRegisteringAccountWithMandatoryFeilds" time="5.518"/>
  <system-out/>
  <testcase classname="com.testNg.testcases.RegisterPage" name="verifyRegisteringAccountWithoutFillingAnyDetails" time="2.687"/>
  <system-out/>
</testsuite> <!-- com.testNg.testcases.RegisterPage -->
