<?xml version="1.0" encoding="UTF-8"?>
<!-- Generated by org.testng.reporters.JUnitReportReporter -->
<testsuite hostname="PRATHAMs-MacBook-Air.local" failures="0" tests="3" name="com.testNg.testcases.SearchPage" time="8.671" errors="0" timestamp="2024-03-09T02:20:31 IST" skipped="0">
  <testcase classname="com.testNg.testcases.SearchPage" name="verifySearchWithValidProduct" time="4.441"/>
  <system-out/>
  <testcase classname="com.testNg.testcases.SearchPage" name="verifySearchWithInvalidProduct" time="2.201"/>
  <system-out/>
  <testcase classname="com.testNg.testcases.SearchPage" name="verifySearchWithoutAnyProduct" time="2.029"/>
  <system-out/>
</testsuite> <!-- com.testNg.testcases.SearchPage -->
