<?xml version="1.0" encoding="UTF-8"?>
<!-- Generated by org.testng.reporters.JUnitReportReporter -->
<testsuite hostname="PRATHAMs-MacBook-Air.local" failures="0" tests="2" name="com.test.testcases.RegisterTest" time="5.640" errors="0" timestamp="2024-03-11T22:55:34 IST" skipped="0">
  <testcase classname="com.test.testcases.RegisterTest" name="verifyRegisteringAccountWithMandatoryFeilds" time="2.396"/>
  <system-out/>
  <testcase classname="com.test.testcases.RegisterTest" name="verifyRegisteringAccountWithoutFillingAnyDetails" time="3.244"/>
  <system-out/>
</testsuite> <!-- com.test.testcases.RegisterTest -->
