<?xml version="1.0" encoding="UTF-8"?>
<!-- Generated by org.testng.reporters.JUnitReportReporter -->
<testsuite hostname="PRATHAMs-MacBook-Air.local" failures="0" tests="1" name="com.testNg.testcases.LoginPage" time="2.684" errors="0" timestamp="2024-03-09T00:10:01 IST" skipped="0">
  <testcase classname="com.testNg.testcases.LoginPage" name="verifyLoginWithInValidCredentials" time="2.684"/>
  <system-out/>
</testsuite> <!-- com.testNg.testcases.LoginPage -->
